11:33:59.365 [main] INFO  io.appium.FlipkartTest - Starting Setting Caps
11:34:05.162 [main] INFO  io.appium.FlipkartTest - Completed Setting Caps. Also Started driver
11:34:05.215 [main] INFO  io.appium.FlipkartTest - Started Searing for Product
11:34:08.927 [main] INFO  io.appium.FlipkartTest - Selecting the first product from the result list
11:34:12.734 [main] INFO  io.appium.FlipkartTest - Adding product to cart
11:34:20.659 [main] INFO  io.appium.FlipkartTest - Product added to the cart
11:34:20.732 [main] INFO  io.appium.FlipkartTest - Started Searing for Product
11:34:32.038 [main] INFO  io.appium.FlipkartTest - Started Searing for Product
11:34:42.233 [main] INFO  io.appium.FlipkartTest - Driver is going to Quit
11:34:42.430 [main] INFO  io.appium.FlipkartTest - Driver is terminated
11:36:39.298 [main] INFO  io.appium.FlipkartTest - Starting Setting Caps
11:36:47.232 [main] INFO  io.appium.FlipkartTest - Completed Setting Caps. Also Started driver
11:36:47.255 [main] INFO  io.appium.FlipkartTest - Started Searing for Product
11:37:03.518 [main] INFO  io.appium.FlipkartTest - Started Searing for Product
11:37:07.466 [main] INFO  io.appium.FlipkartTest - Selecting the first product from the result list
11:37:18.491 [main] INFO  io.appium.FlipkartTest - Started Searing for Product
11:37:29.349 [main] INFO  io.appium.FlipkartTest - Driver is going to Quit
11:37:29.861 [main] INFO  io.appium.FlipkartTest - Driver is terminated
11:37:38.459 [main] INFO  io.appium.FlipkartTest - Starting Setting Caps
11:37:46.404 [main] INFO  io.appium.FlipkartTest - Completed Setting Caps. Also Started driver
11:37:46.423 [main] INFO  io.appium.FlipkartTest - Started Searing for Product
11:37:59.227 [main] INFO  io.appium.FlipkartTest - Started Searing for Product
11:38:05.608 [main] INFO  io.appium.FlipkartTest - Selecting the first product from the result list
11:38:13.953 [main] INFO  io.appium.FlipkartTest - Adding product to cart
11:38:16.727 [main] INFO  io.appium.FlipkartTest - Product added to the cart
11:38:16.771 [main] INFO  io.appium.FlipkartTest - Started Searing for Product
11:38:21.108 [main] INFO  io.appium.FlipkartTest - Selecting the first product from the result list
11:38:22.346 [main] INFO  io.appium.FlipkartTest - Adding product to cart
11:38:28.253 [main] INFO  io.appium.FlipkartTest - Product added to the cart
11:38:28.303 [main] INFO  io.appium.FlipkartTest - Driver is going to Quit
11:38:28.706 [main] INFO  io.appium.FlipkartTest - Driver is terminated
11:39:04.921 [main] INFO  io.appium.FlipkartTest - Starting Setting Caps
11:39:10.627 [main] INFO  io.appium.FlipkartTest - Completed Setting Caps. Also Started driver
11:39:10.647 [main] INFO  io.appium.FlipkartTest - Started Searing for Product
11:39:21.721 [main] INFO  io.appium.FlipkartTest - Driver is going to Quit
11:39:21.858 [main] INFO  io.appium.FlipkartTest - Driver is terminated
11:39:28.334 [main] INFO  io.appium.FlipkartTest - Starting Setting Caps
11:39:33.185 [main] INFO  io.appium.FlipkartTest - Completed Setting Caps. Also Started driver
11:39:33.207 [main] INFO  io.appium.FlipkartTest - Started Searing for Product
11:39:36.713 [main] INFO  io.appium.FlipkartTest - Selecting the first product from the result list
11:39:40.417 [main] INFO  io.appium.FlipkartTest - Adding product to cart
11:39:44.040 [main] INFO  io.appium.FlipkartTest - Product added to the cart
11:39:44.181 [main] INFO  io.appium.FlipkartTest - Driver is going to Quit
11:39:44.345 [main] INFO  io.appium.FlipkartTest - Driver is terminated
11:40:56.521 [main] INFO  io.appium.FlipkartTest - Starting Setting Caps
11:41:01.082 [main] INFO  io.appium.FlipkartTest - Completed Setting Caps. Also Started driver
11:41:01.089 [main] INFO  io.appium.FlipkartTest - Started Searing for Product
11:41:04.040 [main] INFO  io.appium.FlipkartTest - Selecting the first product from the result list
11:41:08.249 [main] INFO  io.appium.FlipkartTest - Adding product to cart
11:41:13.327 [main] INFO  io.appium.FlipkartTest - Product added to the cart
11:41:13.342 [main] INFO  io.appium.FlipkartTest - Driver is going to Quit
11:41:13.497 [main] INFO  io.appium.FlipkartTest - Driver is terminated
11:41:41.515 [main] INFO  io.appium.FlipkartTest - Starting Setting Caps
11:41:46.181 [main] INFO  io.appium.FlipkartTest - Completed Setting Caps. Also Started driver
11:41:46.188 [main] INFO  io.appium.FlipkartTest - Started Searing for Product
11:41:49.520 [main] INFO  io.appium.FlipkartTest - Selecting the first product from the result list
11:41:53.499 [main] INFO  io.appium.FlipkartTest - Adding product to cart
11:41:58.644 [main] INFO  io.appium.FlipkartTest - Product added to the cart
11:41:58.660 [main] INFO  io.appium.FlipkartTest - Driver is going to Quit
11:41:58.900 [main] INFO  io.appium.FlipkartTest - Driver is terminated
11:41:58.904 [main] INFO  io.appium.FlipkartTest - Starting Setting Caps
11:42:03.416 [main] INFO  io.appium.FlipkartTest - Completed Setting Caps. Also Started driver
11:42:03.417 [main] INFO  io.appium.FlipkartTest - Started Searing for Product
11:42:06.641 [main] INFO  io.appium.FlipkartTest - Driver is going to Quit
11:42:06.794 [main] INFO  io.appium.FlipkartTest - Driver is terminated
11:42:06.799 [main] INFO  io.appium.FlipkartTest - Starting Setting Caps
11:42:10.942 [main] INFO  io.appium.FlipkartTest - Completed Setting Caps. Also Started driver
11:42:10.943 [main] INFO  io.appium.FlipkartTest - Started Searing for Product
11:42:12.654 [main] INFO  io.appium.FlipkartTest - Selecting the first product from the result list
11:42:15.420 [main] INFO  io.appium.FlipkartTest - Adding product to cart
11:42:15.559 [main] INFO  io.appium.FlipkartTest - Product added to the cart
11:42:15.564 [main] INFO  io.appium.FlipkartTest - Driver is going to Quit
11:42:15.707 [main] INFO  io.appium.FlipkartTest - Driver is terminated
